<?xml version="1.0" encoding="UTF-8"?>
<!-- Generated by org.testng.reporters.JUnitXMLReporter -->
<testsuite hostname="Ilyas-MacBook-Pro.local" name="iphone" tests="1" failures="0" timestamp="4 Oct 2016 16:45:38 GMT" time="62.705" errors="0">
  <testcase name="@BeforeClass beforeTest" time="0.0" classname="Tests.LoginTest">
    <failure type="org.openqa.selenium.WebDriverException" message="An unknown server-side error occurred while processing the command. Original error: Bad app: /Users/ilyagerasimov/Downloads/optimum4.6.0.1_arm_stg2.apk. App paths need to be absolute, or relative to the appium server install dir, or a URL to compressed file, or a special app name. (WARNING: The server did not provide any stacktrace information)
Command duration or timeout: 845 milliseconds
Build info: version: &amp;apos;2.53.0&amp;apos;, revision: &amp;apos;35ae25b1534ae328c771e0856c93e187490ca824&amp;apos;, time: &amp;apos;2016-03-15 10:43:46&amp;apos;
System info: host: &amp;apos;Ilyas-MacBook-Pro.local&amp;apos;, ip: &amp;apos;192.168.9.71&amp;apos;, os.name: &amp;apos;Mac OS X&amp;apos;, os.arch: &amp;apos;x86_64&amp;apos;, os.version: &amp;apos;10.12&amp;apos;, java.version: &amp;apos;1.8.0_101&amp;apos;
Driver info: io.appium.java_client.ios.IOSDriver">
      <![CDATA[org.openqa.selenium.WebDriverException: An unknown server-side error occurred while processing the command. Original error: Bad app: /Users/ilyagerasimov/Downloads/optimum4.6.0.1_arm_stg2.apk. App paths need to be absolute, or relative to the appium server install dir, or a URL to compressed file, or a special app name. (WARNING: The server did not provide any stacktrace information)
Command duration or timeout: 845 milliseconds
Build info: version: '2.53.0', revision: '35ae25b1534ae328c771e0856c93e187490ca824', time: '2016-03-15 10:43:46'
System info: host: 'Ilyas-MacBook-Pro.local', ip: '192.168.9.71', os.name: 'Mac OS X', os.arch: 'x86_64', os.version: '10.12', java.version: '1.8.0_101'
Driver info: io.appium.java_client.ios.IOSDriver
	at org.openqa.selenium.remote.ErrorHandler.createThrowable(ErrorHandler.java:206)
	at org.openqa.selenium.remote.ErrorHandler.throwIfResponseFailed(ErrorHandler.java:158)
	at org.openqa.selenium.remote.RemoteWebDriver.execute(RemoteWebDriver.java:678)
	at io.appium.java_client.DefaultGenericMobileDriver.execute(DefaultGenericMobileDriver.java:43)
	at io.appium.java_client.AppiumDriver.execute(AppiumDriver.java:1)
	at io.appium.java_client.ios.IOSDriver.execute(IOSDriver.java:1)
	at org.openqa.selenium.remote.RemoteWebDriver.startSession(RemoteWebDriver.java:249)
	at org.openqa.selenium.remote.RemoteWebDriver.<init>(RemoteWebDriver.java:131)
	at org.openqa.selenium.remote.RemoteWebDriver.<init>(RemoteWebDriver.java:144)
	at io.appium.java_client.DefaultGenericMobileDriver.<init>(DefaultGenericMobileDriver.java:39)
	at io.appium.java_client.AppiumDriver.<init>(AppiumDriver.java:69)
	at io.appium.java_client.AppiumDriver.<init>(AppiumDriver.java:78)
	at io.appium.java_client.ios.IOSDriver.<init>(IOSDriver.java:55)
	at com.labox.appium.config.ApplicationManager.<init>(ApplicationManager.java:55)
	at com.labox.appium.config.BaseTest.beforeTest(BaseTest.java:177)
	at java.util.concurrent.FutureTask.run(FutureTask.java:266)
	at java.util.concurrent.ThreadPoolExecutor.runWorker(ThreadPoolExecutor.java:1142)
	at java.util.concurrent.ThreadPoolExecutor$Worker.run(ThreadPoolExecutor.java:617)
	at java.lang.Thread.run(Thread.java:745)
... Removed 20 stack frames]]>
    </failure>
  </testcase> <!-- @BeforeClass beforeTest -->
  <testcase name="@AfterClass afterClass" time="0.0" classname="Tests.LoginTest">
    <skipped/>
  </testcase> <!-- @AfterClass afterClass -->
  <testcase name="logintest" time="20.25" classname="Tests.LoginTest">
    <skipped/>
  </testcase> <!-- logintest -->
</testsuite> <!-- iphone -->
